<?xml version="1.0" encoding="UTF-8"?>
<testng-results ignored="0" total="2" passed="1" failed="1" skipped="0">
  <reporter-output>
  </reporter-output>
  <suite started-at="2024-12-17T14:09:30 IST" name="ParallelTesting" finished-at="2024-12-17T14:09:37 IST" duration-ms="6237">
    <groups>
    </groups>
    <test started-at="2024-12-17T14:09:30 IST" name="chrometest" finished-at="2024-12-17T14:09:37 IST" duration-ms="6237">
      <class name="testScript.LoginPageTest">
        <test-method is-config="true" signature="beforeMethod(java.lang.String)[pri:0, instance:testScript.LoginPageTest@459e9125]" started-at="2024-12-17T14:09:30 IST" name="beforeMethod" finished-at="2024-12-17T14:09:35 IST" duration-ms="4629" status="PASS">
          <params>
            <param index="0">
              <value>
                <![CDATA[chrome]]>
              </value>
            </param>
          </params>
          <reporter-output>
          </reporter-output>
        </test-method> <!-- beforeMethod -->
        <test-method signature="verifyUserIsAbleToLoginWithValidCredentials(java.lang.String,java.lang.String)[pri:0, instance:testScript.LoginPageTest@459e9125]" started-at="2024-12-17T14:09:35 IST" name="verifyUserIsAbleToLoginWithValidCredentials" finished-at="2024-12-17T14:09:36 IST" duration-ms="1322" status="PASS">
          <params>
            <param index="0">
              <value>
                <![CDATA[admin]]>
              </value>
            </param>
            <param index="1">
              <value>
                <![CDATA[admin]]>
              </value>
            </param>
          </params>
          <reporter-output>
          </reporter-output>
        </test-method> <!-- verifyUserIsAbleToLoginWithValidCredentials -->
        <test-method is-config="true" signature="afterMethod(org.testng.ITestResult)[pri:0, instance:testScript.LoginPageTest@459e9125]" started-at="2024-12-17T14:09:36 IST" name="afterMethod" finished-at="2024-12-17T14:09:37 IST" duration-ms="225" status="PASS">
          <params>
            <param index="0">
              <value>
                <![CDATA[[TestResult name=verifyUserIsAbleToLoginWithValidCredentials status=SUCCESS method=LoginPageTest.verifyUserIsAbleToLoginWithValidCredentials(java.lang.String,java.lang.String)[pri:0, instance:testScript.LoginPageTest@459e9125] output={null}]]]>
              </value>
            </param>
          </params>
          <reporter-output>
          </reporter-output>
        </test-method> <!-- afterMethod -->
      </class> <!-- testScript.LoginPageTest -->
      <class name="testScript.AdminUsers_UserSearchTest">
        <test-method is-config="true" signature="beforeMethod(java.lang.String)[pri:0, instance:testScript.AdminUsers_UserSearchTest@4afcd809]" started-at="2024-12-17T14:09:30 IST" name="beforeMethod" finished-at="2024-12-17T14:09:35 IST" duration-ms="4424" status="PASS">
          <params>
            <param index="0">
              <value>
                <![CDATA[chrome]]>
              </value>
            </param>
          </params>
          <reporter-output>
          </reporter-output>
        </test-method> <!-- beforeMethod -->
        <test-method signature="verifyUserCanBeSearched()[pri:0, instance:testScript.AdminUsers_UserSearchTest@4afcd809]" started-at="2024-12-17T14:09:35 IST" name="verifyUserCanBeSearched" finished-at="2024-12-17T14:09:36 IST" duration-ms="1079" status="FAIL">
          <exception class="java.lang.NullPointerException">
            <message>
              <![CDATA[Cannot invoke "org.apache.poi.xssf.usermodel.XSSFRow.getCell(int)" because "r" is null]]>
            </message>
            <full-stacktrace>
              <![CDATA[java.lang.NullPointerException: Cannot invoke "org.apache.poi.xssf.usermodel.XSSFRow.getCell(int)" because "r" is null
at utilities.ExcelUtility.readStringData(ExcelUtility.java:25)
at testScript.AdminUsers_UserSearchTest.verifyUserCanBeSearched(AdminUsers_UserSearchTest.java:24)
at java.base/jdk.internal.reflect.NativeMethodAccessorImpl.invoke0(Native Method)
at java.base/jdk.internal.reflect.NativeMethodAccessorImpl.invoke(NativeMethodAccessorImpl.java:77)
at java.base/jdk.internal.reflect.DelegatingMethodAccessorImpl.invoke(DelegatingMethodAccessorImpl.java:43)
at java.base/java.lang.reflect.Method.invoke(Method.java:568)
at org.testng.internal.invokers.MethodInvocationHelper.invokeMethod(MethodInvocationHelper.java:139)
at org.testng.internal.invokers.TestInvoker.invokeMethod(TestInvoker.java:664)
at org.testng.internal.invokers.TestInvoker.invokeTestMethod(TestInvoker.java:227)
at org.testng.internal.invokers.MethodRunner.runInSequence(MethodRunner.java:50)
at org.testng.internal.invokers.TestInvoker$MethodInvocationAgent.invoke(TestInvoker.java:957)
at org.testng.internal.invokers.TestInvoker.invokeTestMethods(TestInvoker.java:200)
at org.testng.internal.invokers.TestMethodWorker.invokeTestMethods(TestMethodWorker.java:148)
at org.testng.internal.invokers.TestMethodWorker.run(TestMethodWorker.java:128)
at java.base/java.util.concurrent.ThreadPoolExecutor.runWorker(ThreadPoolExecutor.java:1136)
at java.base/java.util.concurrent.ThreadPoolExecutor$Worker.run(ThreadPoolExecutor.java:635)
at java.base/java.lang.Thread.run(Thread.java:842)
]]>
            </full-stacktrace>
          </exception> <!-- java.lang.NullPointerException -->
          <reporter-output>
          </reporter-output>
        </test-method> <!-- verifyUserCanBeSearched -->
        <test-method is-config="true" signature="afterMethod(org.testng.ITestResult)[pri:0, instance:testScript.AdminUsers_UserSearchTest@4afcd809]" started-at="2024-12-17T14:09:36 IST" name="afterMethod" finished-at="2024-12-17T14:09:36 IST" duration-ms="498" status="PASS">
          <params>
            <param index="0">
              <value>
                <![CDATA[[TestResult name=verifyUserCanBeSearched status=FAILURE method=AdminUsers_UserSearchTest.verifyUserCanBeSearched()[pri:0, instance:testScript.AdminUsers_UserSearchTest@4afcd809] output={null}]]]>
              </value>
            </param>
          </params>
          <reporter-output>
          </reporter-output>
        </test-method> <!-- afterMethod -->
      </class> <!-- testScript.AdminUsers_UserSearchTest -->
    </test> <!-- chrometest -->
  </suite> <!-- ParallelTesting -->
</testng-results>
